<?xml version='1.0'?>
<ns2:test-suite xmlns:ns2='urn:model.allure.qatools.yandex.ru' start='1669842477452' stop='1669842514782'>
    <name>WebdriverIO web testing: Check Text "WebdriverIO" in MainTitle</name>
    <title>WebdriverIO web testing: Check Text "WebdriverIO" in MainTitle</title>
    <test-cases>
        <test-case start='1669842477452' status='passed' stop='1669842477456'>
            <name></name>
            <title></title>
            <labels>
                <label name='language' value='javascript'/>
                <label name='framework' value='wdio'/>
                <label name='thread' value='0-0'/>
            </labels>
            <parameters>
                <parameter kind='argument' name='browser' value='chrome-107.0.5304.122'/>
            </parameters>
            <steps/>
            <attachments/>
        </test-case>
        <test-case start='1669842477456' status='passed' stop='1669842493683'>
            <name>Given I navigate to "https://webdriver.io/" page</name>
            <title>Given I navigate to "https://webdriver.io/" page</title>
            <labels>
                <label name='language' value='javascript'/>
                <label name='framework' value='wdio'/>
                <label name='thread' value='0-0'/>
            </labels>
            <parameters>
                <parameter kind='argument' name='browser' value='chrome-107.0.5304.122'/>
            </parameters>
            <steps>
                <step start='1669842477462' status='passed' stop='1669842493681'>
                    <name>POST /session/:sessionId/url</name>
                    <title>POST /session/:sessionId/url</title>
                    <attachments>
                        <attachment title='Request' source='56cf79e5-95f3-4d54-9771-04d37f60ed52-attachment.json' type='application/json' size='36'/>
                    </attachments>
                    <steps/>
                </step>
            </steps>
            <attachments/>
        </test-case>
        <test-case start='1669842493683' status='broken' stop='1669842514769'>
            <name>When I check URL text</name>
            <title>When I check URL text</title>
            <labels>
                <label name='language' value='javascript'/>
                <label name='framework' value='wdio'/>
                <label name='thread' value='0-0'/>
            </labels>
            <parameters>
                <parameter kind='argument' name='browser' value='chrome-107.0.5304.122'/>
            </parameters>
            <steps>
                <step start='1669842493685' status='broken' stop='1669842514768'>
                    <name>POST /session/:sessionId/url</name>
                    <title>POST /session/:sessionId/url</title>
                    <attachments>
                        <attachment title='Request' source='09460ff1-6913-4df8-9143-f3908dc7f429-attachment.json' type='application/json' size='31'/>
                    </attachments>
                    <steps/>
                </step>
            </steps>
            <attachments/>
            <failure>
                <message>RequestError: read ECONNRESET</message>
                <stack-trace>RequestError: read ECONNRESET
                    at ClientRequest.&lt;anonymous> (C:\Users\Пользователь\lesson22\node_modules\got\dist\source\core\index.js:970:111)
                    at Object.onceWrapper (node:events:628:26)
                    at ClientRequest.emit (node:events:525:35)
                    at ClientRequest.emit (node:domain:489:12)
                    at ClientRequest.origin.emit (C:\Users\Пользователь\lesson22\node_modules\@szmarczak\http-timer\dist\source\index.js:43:20)
                    at Socket.socketErrorListener (node:_http_client:481:9)
                    at Socket.emit (node:events:513:28)
                    at Socket.emit (node:domain:489:12)
                    at emitErrorNT (node:internal/streams/destroy:157:8)
                    at emitErrorCloseNT (node:internal/streams/destroy:122:3)
                    at TCP.onStreamRead (node:internal/stream_base_commons:217:20)</stack-trace>
            </failure>
        </test-case>
        <test-case start='1669842514771' status='pending' stop='1669842514772'>
            <name>And I check ".hero__subtitle" on home page</name>
            <title>And I check ".hero__subtitle" on home page</title>
            <labels>
                <label name='language' value='javascript'/>
                <label name='framework' value='wdio'/>
                <label name='thread' value='0-0'/>
            </labels>
            <parameters>
                <parameter kind='argument' name='browser' value='chrome-107.0.5304.122'/>
            </parameters>
            <steps/>
            <attachments/>
        </test-case>
        <test-case start='1669842514773' status='broken' stop='1669842514775'>
            <name>And I click on Blog button</name>
            <title>And I click on Blog button</title>
            <labels>
                <label name='language' value='javascript'/>
                <label name='framework' value='wdio'/>
                <label name='thread' value='0-0'/>
            </labels>
            <parameters>
                <parameter kind='argument' name='browser' value='chrome-107.0.5304.122'/>
            </parameters>
            <steps/>
            <attachments/>
            <failure>
                <message>Step "I click on Blog button" is not defined. You can ignore this error by setting cucumberOpts.ignoreUndefinedDefinitions as true.</message>
                <stack-trace>Step "I click on Blog button" is not defined. You can ignore this error by setting cucumberOpts.ignoreUndefinedDefinitions as true.
                	at Feature(C:\Users\Пользователь\lesson22\features\login.feature):1:1
                	at Scenario(Check Text "WebdriverIO" in MainTitle):3:3
                	at Step(I click on Blog button):8:5
                </stack-trace>
            </failure>
        </test-case>
        <test-case start='1669842514775' status='broken' stop='1669842514777'>
            <name>And I check "//h2[@class="blogPostTitle_rzP5"]//a[contains(text(), "Keep")]" on Blog page</name>
            <title>And I check "//h2[@class="blogPostTitle_rzP5"]//a[contains(text(), "Keep")]" on Blog page</title>
            <labels>
                <label name='language' value='javascript'/>
                <label name='framework' value='wdio'/>
                <label name='thread' value='0-0'/>
            </labels>
            <parameters>
                <parameter kind='argument' name='browser' value='chrome-107.0.5304.122'/>
            </parameters>
            <steps/>
            <attachments/>
            <failure>
                <message>Step "I check "//h2[@class="blogPostTitle_rzP5"]//a[contains(text(), "Keep")]" on Blog page" is not defined. You can ignore this error by setting cucumberOpts.ignoreUndefinedDefinitions as true.</message>
                <stack-trace>Step "I check "//h2[@class="blogPostTitle_rzP5"]//a[contains(text(), "Keep")]" on Blog page" is not defined. You can ignore this error by setting cucumberOpts.ignoreUndefinedDefinitions as true.
                	at Feature(C:\Users\Пользователь\lesson22\features\login.feature):1:1
                	at Scenario(Check Text "WebdriverIO" in MainTitle):3:3
                	at Step(I check "//h2[@class="blogPostTitle_rzP5"]//a[contains(text(), "Keep")]" on Blog page):9:5
                </stack-trace>
            </failure>
        </test-case>
        <test-case start='1669842514777' status='passed' stop='1669842514780'>
            <name></name>
            <title></title>
            <labels>
                <label name='language' value='javascript'/>
                <label name='framework' value='wdio'/>
                <label name='thread' value='0-0'/>
            </labels>
            <parameters>
                <parameter kind='argument' name='browser' value='chrome-107.0.5304.122'/>
            </parameters>
            <steps/>
            <attachments/>
        </test-case>
    </test-cases>
</ns2:test-suite>