<?xml version='1.0'?>
<ns2:test-suite xmlns:ns2='urn:model.allure.qatools.yandex.ru' start='1670015655102' stop='1670015656416'>
    <name>WebdriverIO website testing: Check navigation menu</name>
    <title>WebdriverIO website testing: Check navigation menu</title>
    <test-cases>
        <test-case start='1670015655108' status='passed' stop='1670015655110'>
            <name></name>
            <title></title>
            <labels>
                <label name='language' value='javascript'/>
                <label name='framework' value='wdio'/>
                <label name='thread' value='0-0'/>
            </labels>
            <parameters>
                <parameter kind='argument' name='browser' value='chrome-107.0.5304.123'/>
            </parameters>
            <steps/>
            <attachments/>
        </test-case>
        <test-case start='1670015655110' status='passed' stop='1670015656260'>
            <name>Given I navigate "https://webdriver.io/" home page</name>
            <title>Given I navigate "https://webdriver.io/" home page</title>
            <labels>
                <label name='language' value='javascript'/>
                <label name='framework' value='wdio'/>
                <label name='thread' value='0-0'/>
            </labels>
            <parameters>
                <parameter kind='argument' name='browser' value='chrome-107.0.5304.123'/>
            </parameters>
            <steps>
                <step start='1670015655113' status='passed' stop='1670015656259'>
                    <name>POST /session/:sessionId/url</name>
                    <title>POST /session/:sessionId/url</title>
                    <attachments>
                        <attachment title='Request' source='e743fcd6-adf8-4979-ac9a-65da7f6c20fa-attachment.json' type='application/json' size='36'/>
                    </attachments>
                    <steps/>
                </step>
            </steps>
            <attachments/>
        </test-case>
        <test-case start='1670015656260' status='failed' stop='1670015656414'>
            <name>Then I expect element 4 "//a[@class='navbar__item navbar__link']" should be equal "contribute"</name>
            <title>Then I expect element 4 "//a[@class='navbar__item navbar__link']" should be equal "contribute"</title>
            <labels>
                <label name='language' value='javascript'/>
                <label name='framework' value='wdio'/>
                <label name='thread' value='0-0'/>
            </labels>
            <parameters>
                <parameter kind='argument' name='browser' value='chrome-107.0.5304.123'/>
            </parameters>
            <steps>
                <step start='1670015656261' status='passed' stop='1670015656298'>
                    <name>POST /session/:sessionId/elements</name>
                    <title>POST /session/:sessionId/elements</title>
                    <attachments>
                        <attachment title='Request' source='933730d8-f659-48e7-ac6d-42b5304524cb-attachment.json' type='application/json' size='76'/>
                        <attachment title='Response' source='74e2bcc1-4960-4f9f-a040-2817aead40dc-attachment.json' type='application/json' size='548'/>
                    </attachments>
                    <steps/>
                </step>
                <step start='1670015656316' status='passed' stop='1670015656410'>
                    <name>GET /session/:sessionId/element/3d204af6-a9d5-4377-91fb-448ea00a338c/text</name>
                    <title>GET /session/:sessionId/element/3d204af6-a9d5-4377-91fb-448ea00a338c/text</title>
                    <attachments>
                        <attachment title='Response' source='96e13de7-9197-4a97-9c8f-cc906c60dfb6-attachment.json' type='application/json' size='12'/>
                    </attachments>
                    <steps/>
                </step>
            </steps>
            <attachments/>
            <failure>
                <message>AssertionError</message>
                <stack-trace>AssertionError
                    + expected - actual
                
                    -Contribute
                    +contribute
                
                    at World.&lt;anonymous> (C:\Users\Пользователь\lesson22\step-definitions\steps.js:22:51)
                    at processTicksAndRejections (node:internal/process/task_queues:96:5)</stack-trace>
            </failure>
        </test-case>
        <test-case start='1670015656414' status='passed' stop='1670015656415'>
            <name></name>
            <title></title>
            <labels>
                <label name='language' value='javascript'/>
                <label name='framework' value='wdio'/>
                <label name='thread' value='0-0'/>
            </labels>
            <parameters>
                <parameter kind='argument' name='browser' value='chrome-107.0.5304.123'/>
            </parameters>
            <steps/>
            <attachments/>
        </test-case>
    </test-cases>
</ns2:test-suite>