<?xml version='1.0'?>
<ns2:test-suite xmlns:ns2='urn:model.allure.qatools.yandex.ru' start='1669838414015' stop='1669838422663'>
    <name>WebdriverIO web testing: As a user, I can log into the secure area</name>
    <title>WebdriverIO web testing: As a user, I can log into the secure area</title>
    <test-cases>
        <test-case start='1669838414016' status='passed' stop='1669838414018'>
            <name></name>
            <title></title>
            <labels>
                <label name='language' value='javascript'/>
                <label name='framework' value='wdio'/>
                <label name='thread' value='0-0'/>
            </labels>
            <parameters>
                <parameter kind='argument' name='browser' value='chrome-107.0.5304.122'/>
            </parameters>
            <steps/>
            <attachments/>
        </test-case>
        <test-case start='1669838414019' status='passed' stop='1669838422653'>
            <name>Given I navigate to the main page</name>
            <title>Given I navigate to the main page</title>
            <labels>
                <label name='language' value='javascript'/>
                <label name='framework' value='wdio'/>
                <label name='thread' value='0-0'/>
            </labels>
            <parameters>
                <parameter kind='argument' name='browser' value='chrome-107.0.5304.122'/>
            </parameters>
            <steps>
                <step start='1669838414024' status='passed' stop='1669838422649'>
                    <name>POST /session/:sessionId/url</name>
                    <title>POST /session/:sessionId/url</title>
                    <attachments>
                        <attachment title='Request' source='81c85970-551f-4fd4-b9b0-0a76dd67958c-attachment.json' type='application/json' size='36'/>
                    </attachments>
                    <steps/>
                </step>
            </steps>
            <attachments/>
        </test-case>
        <test-case start='1669838422654' status='broken' stop='1669838422657'>
            <name>When I click on Watch Talks button</name>
            <title>When I click on Watch Talks button</title>
            <labels>
                <label name='language' value='javascript'/>
                <label name='framework' value='wdio'/>
                <label name='thread' value='0-0'/>
            </labels>
            <parameters>
                <parameter kind='argument' name='browser' value='chrome-107.0.5304.122'/>
            </parameters>
            <steps/>
            <attachments/>
            <failure>
                <message>Step "I click on Watch Talks button" is not defined. You can ignore this error by setting cucumberOpts.ignoreUndefinedDefinitions as true.</message>
                <stack-trace>Step "I click on Watch Talks button" is not defined. You can ignore this error by setting cucumberOpts.ignoreUndefinedDefinitions as true.
                	at Feature(C:\Users\Пользователь\lesson22\features\login.feature):1:1
                	at Scenario(As a user, I can log into the secure area):3:3
                	at Step(I click on Watch Talks button):6:5
                </stack-trace>
            </failure>
        </test-case>
        <test-case start='1669838422658' status='broken' stop='1669838422659'>
            <name>And I check subTitle on CommunityPage</name>
            <title>And I check subTitle on CommunityPage</title>
            <labels>
                <label name='language' value='javascript'/>
                <label name='framework' value='wdio'/>
                <label name='thread' value='0-0'/>
            </labels>
            <parameters>
                <parameter kind='argument' name='browser' value='chrome-107.0.5304.122'/>
            </parameters>
            <steps/>
            <attachments/>
            <failure>
                <message>Step "I check subTitle on CommunityPage" is not defined. You can ignore this error by setting cucumberOpts.ignoreUndefinedDefinitions as true.</message>
                <stack-trace>Step "I check subTitle on CommunityPage" is not defined. You can ignore this error by setting cucumberOpts.ignoreUndefinedDefinitions as true.
                	at Feature(C:\Users\Пользователь\lesson22\features\login.feature):1:1
                	at Scenario(As a user, I can log into the secure area):3:3
                	at Step(I check subTitle on CommunityPage):7:5
                </stack-trace>
            </failure>
        </test-case>
        <test-case start='1669838422659' status='passed' stop='1669838422661'>
            <name></name>
            <title></title>
            <labels>
                <label name='language' value='javascript'/>
                <label name='framework' value='wdio'/>
                <label name='thread' value='0-0'/>
            </labels>
            <parameters>
                <parameter kind='argument' name='browser' value='chrome-107.0.5304.122'/>
            </parameters>
            <steps/>
            <attachments/>
        </test-case>
    </test-cases>
</ns2:test-suite>