<?xml version='1.0'?>
<ns2:test-suite xmlns:ns2='urn:model.allure.qatools.yandex.ru' start='1669842917602' stop='1669842956669'>
    <name>WebdriverIO web testing: Check Text "WebdriverIO" in MainTitle</name>
    <title>WebdriverIO web testing: Check Text "WebdriverIO" in MainTitle</title>
    <test-cases>
        <test-case start='1669842917604' status='passed' stop='1669842917607'>
            <name></name>
            <title></title>
            <labels>
                <label name='language' value='javascript'/>
                <label name='framework' value='wdio'/>
                <label name='thread' value='0-0'/>
            </labels>
            <parameters>
                <parameter kind='argument' name='browser' value='chrome-107.0.5304.122'/>
            </parameters>
            <steps/>
            <attachments/>
        </test-case>
        <test-case start='1669842917607' status='passed' stop='1669842928720'>
            <name>Given I navigate to "https://webdriver.io/" page</name>
            <title>Given I navigate to "https://webdriver.io/" page</title>
            <labels>
                <label name='language' value='javascript'/>
                <label name='framework' value='wdio'/>
                <label name='thread' value='0-0'/>
            </labels>
            <parameters>
                <parameter kind='argument' name='browser' value='chrome-107.0.5304.122'/>
            </parameters>
            <steps>
                <step start='1669842917610' status='passed' stop='1669842928718'>
                    <name>POST /session/:sessionId/url</name>
                    <title>POST /session/:sessionId/url</title>
                    <attachments>
                        <attachment title='Request' source='d36301b5-505c-4777-a81a-a119e6d4baf5-attachment.json' type='application/json' size='36'/>
                    </attachments>
                    <steps/>
                </step>
            </steps>
            <attachments/>
        </test-case>
        <test-case start='1669842928721' status='broken' stop='1669842956665'>
            <name>When I check URL text</name>
            <title>When I check URL text</title>
            <labels>
                <label name='language' value='javascript'/>
                <label name='framework' value='wdio'/>
                <label name='thread' value='0-0'/>
            </labels>
            <parameters>
                <parameter kind='argument' name='browser' value='chrome-107.0.5304.122'/>
            </parameters>
            <steps>
                <step start='1669842928722' status='broken' stop='1669842956665'>
                    <name>POST /session/:sessionId/url</name>
                    <title>POST /session/:sessionId/url</title>
                    <attachments>
                        <attachment title='Request' source='aa2e634c-46b2-41f8-9683-249a8b84e4a6-attachment.json' type='application/json' size='31'/>
                    </attachments>
                    <steps/>
                </step>
            </steps>
            <attachments/>
            <failure>
                <message>unknown error: unknown error: net::ERR_NAME_NOT_RESOLVED</message>
                <stack-trace>unknown error: unknown error: net::ERR_NAME_NOT_RESOLVED
                  (Session info: chrome=107.0.5304.122)
                    at getErrorFromResponseBody (C:\Users\Пользователь\lesson22\node_modules\webdriver\build\utils.js:198:12)
                    at NodeJSRequest._request (C:\Users\Пользователь\lesson22\node_modules\webdriver\build\request\index.js:166:60)
                    at processTicksAndRejections (node:internal/process/task_queues:96:5)
                    at async Browser.wrapCommandFn (C:\Users\Пользователь\lesson22\node_modules\@wdio\utils\build\shim.js:137:29)
                    at async Browser.wrapCommandFn (C:\Users\Пользователь\lesson22\node_modules\@wdio\utils\build\shim.js:137:29)
                    at async World.&lt;anonymous> (C:\Users\Пользователь\lesson22\step-definitions\steps.js:9:5)</stack-trace>
            </failure>
        </test-case>
        <test-case start='1669842956666' status='broken' stop='1669842956667'>
            <name>And I check ".hero__subtitle" on home page</name>
            <title>And I check ".hero__subtitle" on home page</title>
            <labels>
                <label name='language' value='javascript'/>
                <label name='framework' value='wdio'/>
                <label name='thread' value='0-0'/>
            </labels>
            <parameters>
                <parameter kind='argument' name='browser' value='chrome-107.0.5304.122'/>
            </parameters>
            <steps/>
            <attachments/>
            <failure>
                <message>Step "I check ".hero__subtitle" on home page" is not defined. You can ignore this error by setting cucumberOpts.ignoreUndefinedDefinitions as true.</message>
                <stack-trace>Step "I check ".hero__subtitle" on home page" is not defined. You can ignore this error by setting cucumberOpts.ignoreUndefinedDefinitions as true.
                	at Feature(C:\Users\Пользователь\lesson22\features\login.feature):1:1
                	at Scenario(Check Text "WebdriverIO" in MainTitle):3:3
                	at Step(I check ".hero__subtitle" on home page):7:5
                </stack-trace>
            </failure>
        </test-case>
        <test-case start='1669842956667' status='passed' stop='1669842956669'>
            <name></name>
            <title></title>
            <labels>
                <label name='language' value='javascript'/>
                <label name='framework' value='wdio'/>
                <label name='thread' value='0-0'/>
            </labels>
            <parameters>
                <parameter kind='argument' name='browser' value='chrome-107.0.5304.122'/>
            </parameters>
            <steps/>
            <attachments/>
        </test-case>
    </test-cases>
</ns2:test-suite>