<?xml version='1.0'?>
<ns2:test-suite xmlns:ns2='urn:model.allure.qatools.yandex.ru' start='1669843130686' stop='1669843137574'>
    <name>WebdriverIO web testing: Check Text "WebdriverIO" in MainTitle</name>
    <title>WebdriverIO web testing: Check Text "WebdriverIO" in MainTitle</title>
    <test-cases>
        <test-case start='1669843130687' status='passed' stop='1669843130690'>
            <name></name>
            <title></title>
            <labels>
                <label name='language' value='javascript'/>
                <label name='framework' value='wdio'/>
                <label name='thread' value='0-0'/>
            </labels>
            <parameters>
                <parameter kind='argument' name='browser' value='chrome-107.0.5304.122'/>
            </parameters>
            <steps/>
            <attachments/>
        </test-case>
        <test-case start='1669843130691' status='passed' stop='1669843137564'>
            <name>Given I navigate to "https://webdriver.io/" page</name>
            <title>Given I navigate to "https://webdriver.io/" page</title>
            <labels>
                <label name='language' value='javascript'/>
                <label name='framework' value='wdio'/>
                <label name='thread' value='0-0'/>
            </labels>
            <parameters>
                <parameter kind='argument' name='browser' value='chrome-107.0.5304.122'/>
            </parameters>
            <steps>
                <step start='1669843130694' status='passed' stop='1669843137561'>
                    <name>POST /session/:sessionId/url</name>
                    <title>POST /session/:sessionId/url</title>
                    <attachments>
                        <attachment title='Request' source='17b6db29-1730-4cf8-96af-fe016e494855-attachment.json' type='application/json' size='36'/>
                    </attachments>
                    <steps/>
                </step>
            </steps>
            <attachments/>
        </test-case>
        <test-case start='1669843137565' status='broken' stop='1669843137567'>
            <name>When I check URL text</name>
            <title>When I check URL text</title>
            <labels>
                <label name='language' value='javascript'/>
                <label name='framework' value='wdio'/>
                <label name='thread' value='0-0'/>
            </labels>
            <parameters>
                <parameter kind='argument' name='browser' value='chrome-107.0.5304.122'/>
            </parameters>
            <steps/>
            <attachments/>
            <failure>
                <message>Step "I check URL text" is not defined. You can ignore this error by setting cucumberOpts.ignoreUndefinedDefinitions as true.</message>
                <stack-trace>Step "I check URL text" is not defined. You can ignore this error by setting cucumberOpts.ignoreUndefinedDefinitions as true.
                	at Feature(C:\Users\Пользователь\lesson22\features\login.feature):1:1
                	at Scenario(Check Text "WebdriverIO" in MainTitle):3:3
                	at Step(I check URL text):6:5
                </stack-trace>
            </failure>
        </test-case>
        <test-case start='1669843137568' status='broken' stop='1669843137570'>
            <name>And I check ".hero__subtitle" on home page</name>
            <title>And I check ".hero__subtitle" on home page</title>
            <labels>
                <label name='language' value='javascript'/>
                <label name='framework' value='wdio'/>
                <label name='thread' value='0-0'/>
            </labels>
            <parameters>
                <parameter kind='argument' name='browser' value='chrome-107.0.5304.122'/>
            </parameters>
            <steps/>
            <attachments/>
            <failure>
                <message>Step "I check ".hero__subtitle" on home page" is not defined. You can ignore this error by setting cucumberOpts.ignoreUndefinedDefinitions as true.</message>
                <stack-trace>Step "I check ".hero__subtitle" on home page" is not defined. You can ignore this error by setting cucumberOpts.ignoreUndefinedDefinitions as true.
                	at Feature(C:\Users\Пользователь\lesson22\features\login.feature):1:1
                	at Scenario(Check Text "WebdriverIO" in MainTitle):3:3
                	at Step(I check ".hero__subtitle" on home page):7:5
                </stack-trace>
            </failure>
        </test-case>
        <test-case start='1669843137570' status='passed' stop='1669843137572'>
            <name></name>
            <title></title>
            <labels>
                <label name='language' value='javascript'/>
                <label name='framework' value='wdio'/>
                <label name='thread' value='0-0'/>
            </labels>
            <parameters>
                <parameter kind='argument' name='browser' value='chrome-107.0.5304.122'/>
            </parameters>
            <steps/>
            <attachments/>
        </test-case>
    </test-cases>
</ns2:test-suite>