<?xml version='1.0'?>
<ns2:test-suite xmlns:ns2='urn:model.allure.qatools.yandex.ru' start='1670015918884' stop='1670015920097'>
    <name>WebdriverIO website testing: Check navigation menu</name>
    <title>WebdriverIO website testing: Check navigation menu</title>
    <test-cases>
        <test-case start='1670015918884' status='passed' stop='1670015918885'>
            <name></name>
            <title></title>
            <labels>
                <label name='language' value='javascript'/>
                <label name='framework' value='wdio'/>
                <label name='thread' value='0-0'/>
            </labels>
            <parameters>
                <parameter kind='argument' name='browser' value='chrome-107.0.5304.123'/>
            </parameters>
            <steps/>
            <attachments/>
        </test-case>
        <test-case start='1670015918885' status='passed' stop='1670015919907'>
            <name>Given I navigate "https://webdriver.io/" home page</name>
            <title>Given I navigate "https://webdriver.io/" home page</title>
            <labels>
                <label name='language' value='javascript'/>
                <label name='framework' value='wdio'/>
                <label name='thread' value='0-0'/>
            </labels>
            <parameters>
                <parameter kind='argument' name='browser' value='chrome-107.0.5304.123'/>
            </parameters>
            <steps>
                <step start='1670015918886' status='passed' stop='1670015919907'>
                    <name>POST /session/:sessionId/url</name>
                    <title>POST /session/:sessionId/url</title>
                    <attachments>
                        <attachment title='Request' source='8d6647b3-82b8-4b3a-b1f9-f8767ee41e36-attachment.json' type='application/json' size='36'/>
                    </attachments>
                    <steps/>
                </step>
            </steps>
            <attachments/>
        </test-case>
        <test-case start='1670015919907' status='failed' stop='1670015920094'>
            <name>Then I expect element 5 "//a[@class='navbar__item navbar__link']" should be equal "community"</name>
            <title>Then I expect element 5 "//a[@class='navbar__item navbar__link']" should be equal "community"</title>
            <labels>
                <label name='language' value='javascript'/>
                <label name='framework' value='wdio'/>
                <label name='thread' value='0-0'/>
            </labels>
            <parameters>
                <parameter kind='argument' name='browser' value='chrome-107.0.5304.123'/>
            </parameters>
            <steps>
                <step start='1670015919908' status='passed' stop='1670015920010'>
                    <name>POST /session/:sessionId/elements</name>
                    <title>POST /session/:sessionId/elements</title>
                    <attachments>
                        <attachment title='Request' source='a7c21298-a752-4a6d-9bdd-be3b21c35d24-attachment.json' type='application/json' size='76'/>
                        <attachment title='Response' source='6f1cf29d-236b-4a3f-9892-e83f7d46d68b-attachment.json' type='application/json' size='548'/>
                    </attachments>
                    <steps/>
                </step>
                <step start='1670015920025' status='passed' stop='1670015920089'>
                    <name>GET /session/:sessionId/element/e7cd49fb-1367-4f4f-960f-6dd0b14fc645/text</name>
                    <title>GET /session/:sessionId/element/e7cd49fb-1367-4f4f-960f-6dd0b14fc645/text</title>
                    <attachments>
                        <attachment title='Response' source='10238eb8-72dd-4d9e-8787-3b403202f6f6-attachment.json' type='application/json' size='11'/>
                    </attachments>
                    <steps/>
                </step>
            </steps>
            <attachments/>
            <failure>
                <message>AssertionError</message>
                <stack-trace>AssertionError
                    + expected - actual
                
                    -Community
                    +community
                
                    at World.&lt;anonymous> (C:\Users\Пользователь\lesson22\step-definitions\steps.js:22:51)
                    at processTicksAndRejections (node:internal/process/task_queues:96:5)</stack-trace>
            </failure>
        </test-case>
        <test-case start='1670015920095' status='passed' stop='1670015920096'>
            <name></name>
            <title></title>
            <labels>
                <label name='language' value='javascript'/>
                <label name='framework' value='wdio'/>
                <label name='thread' value='0-0'/>
            </labels>
            <parameters>
                <parameter kind='argument' name='browser' value='chrome-107.0.5304.123'/>
            </parameters>
            <steps/>
            <attachments/>
        </test-case>
    </test-cases>
</ns2:test-suite>