<?xml version='1.0'?>
<ns2:test-suite xmlns:ns2='urn:model.allure.qatools.yandex.ru' start='1669757989890' stop='1669757989902'>
    <name>WebdriverIO web testing: As a user, I can log into the secure area</name>
    <title>WebdriverIO web testing: As a user, I can log into the secure area</title>
    <test-cases>
        <test-case start='1669757989891' status='passed' stop='1669757989891'>
            <name></name>
            <title></title>
            <labels>
                <label name='language' value='javascript'/>
                <label name='framework' value='wdio'/>
                <label name='thread' value='0-0'/>
            </labels>
            <parameters>
                <parameter kind='argument' name='browser' value='chrome-107.0.5304.108'/>
            </parameters>
            <steps/>
            <attachments/>
        </test-case>
        <test-case start='1669757989891' status='broken' stop='1669757989897'>
            <name>Given I navigate to the main page</name>
            <title>Given I navigate to the main page</title>
            <labels>
                <label name='language' value='javascript'/>
                <label name='framework' value='wdio'/>
                <label name='thread' value='0-0'/>
            </labels>
            <parameters>
                <parameter kind='argument' name='browser' value='chrome-107.0.5304.108'/>
            </parameters>
            <steps>
                <step start='1669757989893' status='broken' stop='1669757989897'>
                    <name>POST /session/:sessionId/url</name>
                    <title>POST /session/:sessionId/url</title>
                    <attachments>
                        <attachment title='Request' source='546e7be2-d96e-4e89-9795-026fccab4e64-attachment.json' type='application/json' size='36'/>
                    </attachments>
                    <steps/>
                </step>
            </steps>
            <attachments/>
            <failure>
                <message>Error: function uses multiple asynchronous interfaces: callback and promise</message>
                <stack-trace>Error: function uses multiple asynchronous interfaces: callback and promise
                to use the callback interface: do not return a promise
                to use the promise interface: remove the last argument to the function
                    at Object.run (C:\Users\Пользователь\lesson22\node_modules\@cucumber\cucumber\lib\user_code_runner.js:35:24)
                    at Object.run (C:\Users\Пользователь\lesson22\node_modules\@cucumber\cucumber\lib\runtime\step_runner.js:52:59)
                    at processTicksAndRejections (node:internal/process/task_queues:96:5)
                    at async TestCaseRunner.invokeStep (C:\Users\Пользователь\lesson22\node_modules\@cucumber\cucumber\lib\runtime\test_case_runner.js:93:16)
                    at async TestCaseRunner.runStep (C:\Users\Пользователь\lesson22\node_modules\@cucumber\cucumber\lib\runtime\test_case_runner.js:237:26)
                    at async C:\Users\Пользователь\lesson22\node_modules\@cucumber\cucumber\lib\runtime\test_case_runner.js:163:48
                    at async TestCaseRunner.aroundTestStep (C:\Users\Пользователь\lesson22\node_modules\@cucumber\cucumber\lib\runtime\test_case_runner.js:117:32)
                    at async TestCaseRunner.run (C:\Users\Пользователь\lesson22\node_modules\@cucumber\cucumber\lib\runtime\test_case_runner.js:146:17)
                    at async Runtime.runTestCase (C:\Users\Пользователь\lesson22\node_modules\@cucumber\cucumber\lib\runtime\index.js:41:24)
                    at async Runtime.start (C:\Users\Пользователь\lesson22\node_modules\@cucumber\cucumber\lib\runtime\index.js:65:13)</stack-trace>
            </failure>
        </test-case>
        <test-case start='1669757989898' status='pending' stop='1669757989898'>
            <name>When I check Text 'WebdriverIO' in MainTitle</name>
            <title>When I check Text 'WebdriverIO' in MainTitle</title>
            <labels>
                <label name='language' value='javascript'/>
                <label name='framework' value='wdio'/>
                <label name='thread' value='0-0'/>
            </labels>
            <parameters>
                <parameter kind='argument' name='browser' value='chrome-107.0.5304.108'/>
            </parameters>
            <steps/>
            <attachments/>
        </test-case>
        <test-case start='1669757989899' status='broken' stop='1669757989900'>
            <name>And I check subTitle on HomePage</name>
            <title>And I check subTitle on HomePage</title>
            <labels>
                <label name='language' value='javascript'/>
                <label name='framework' value='wdio'/>
                <label name='thread' value='0-0'/>
            </labels>
            <parameters>
                <parameter kind='argument' name='browser' value='chrome-107.0.5304.108'/>
            </parameters>
            <steps/>
            <attachments/>
            <failure>
                <message>Step "I check subTitle on HomePage" is not defined. You can ignore this error by setting cucumberOpts.ignoreUndefinedDefinitions as true.</message>
                <stack-trace>Step "I check subTitle on HomePage" is not defined. You can ignore this error by setting cucumberOpts.ignoreUndefinedDefinitions as true.
                	at Feature(C:\Users\Пользователь\lesson22\features\login.feature):1:1
                	at Scenario(As a user, I can log into the secure area):3:3
                	at Step(I check subTitle on HomePage):7:5
                </stack-trace>
            </failure>
        </test-case>
        <test-case start='1669757989900' status='broken' stop='1669757989900'>
            <name>And I check Text 'Blog' in MainTitle</name>
            <title>And I check Text 'Blog' in MainTitle</title>
            <labels>
                <label name='language' value='javascript'/>
                <label name='framework' value='wdio'/>
                <label name='thread' value='0-0'/>
            </labels>
            <parameters>
                <parameter kind='argument' name='browser' value='chrome-107.0.5304.108'/>
            </parameters>
            <steps/>
            <attachments/>
            <failure>
                <message>Step "I check Text 'Blog' in MainTitle" is not defined. You can ignore this error by setting cucumberOpts.ignoreUndefinedDefinitions as true.</message>
                <stack-trace>Step "I check Text 'Blog' in MainTitle" is not defined. You can ignore this error by setting cucumberOpts.ignoreUndefinedDefinitions as true.
                	at Feature(C:\Users\Пользователь\lesson22\features\login.feature):1:1
                	at Scenario(As a user, I can log into the secure area):3:3
                	at Step(I check Text 'Blog' in MainTitle):8:5
                </stack-trace>
            </failure>
        </test-case>
        <test-case start='1669757989901' status='passed' stop='1669757989902'>
            <name></name>
            <title></title>
            <labels>
                <label name='language' value='javascript'/>
                <label name='framework' value='wdio'/>
                <label name='thread' value='0-0'/>
            </labels>
            <parameters>
                <parameter kind='argument' name='browser' value='chrome-107.0.5304.108'/>
            </parameters>
            <steps/>
            <attachments/>
        </test-case>
    </test-cases>
</ns2:test-suite>