<?xml version='1.0'?>
<ns2:test-suite xmlns:ns2='urn:model.allure.qatools.yandex.ru' start='1669841865417' stop='1669841876030'>
    <name>WebdriverIO web testing: Check Text "WebdriverIO" in MainTitle</name>
    <title>WebdriverIO web testing: Check Text "WebdriverIO" in MainTitle</title>
    <test-cases>
        <test-case start='1669841865418' status='passed' stop='1669841865420'>
            <name></name>
            <title></title>
            <labels>
                <label name='language' value='javascript'/>
                <label name='framework' value='wdio'/>
                <label name='thread' value='0-0'/>
            </labels>
            <parameters>
                <parameter kind='argument' name='browser' value='chrome-107.0.5304.122'/>
            </parameters>
            <steps/>
            <attachments/>
        </test-case>
        <test-case start='1669841865420' status='passed' stop='1669841876012'>
            <name>Given I navigate to "https://webdriver.io/" page</name>
            <title>Given I navigate to "https://webdriver.io/" page</title>
            <labels>
                <label name='language' value='javascript'/>
                <label name='framework' value='wdio'/>
                <label name='thread' value='0-0'/>
            </labels>
            <parameters>
                <parameter kind='argument' name='browser' value='chrome-107.0.5304.122'/>
            </parameters>
            <steps>
                <step start='1669841865426' status='passed' stop='1669841876009'>
                    <name>POST /session/:sessionId/url</name>
                    <title>POST /session/:sessionId/url</title>
                    <attachments>
                        <attachment title='Request' source='ff6e3e30-0585-4dbb-8155-1ac84b62561d-attachment.json' type='application/json' size='36'/>
                    </attachments>
                    <steps/>
                </step>
            </steps>
            <attachments/>
        </test-case>
        <test-case start='1669841876012' status='broken' stop='1669841876021'>
            <name>When I check ".hero__subtitle" on home page</name>
            <title>When I check ".hero__subtitle" on home page</title>
            <labels>
                <label name='language' value='javascript'/>
                <label name='framework' value='wdio'/>
                <label name='thread' value='0-0'/>
            </labels>
            <parameters>
                <parameter kind='argument' name='browser' value='chrome-107.0.5304.122'/>
            </parameters>
            <steps>
                <step start='1669841876015' status='broken' stop='1669841876020'>
                    <name>POST /session/:sessionId/element</name>
                    <title>POST /session/:sessionId/element</title>
                    <attachments>
                        <attachment title='Request' source='2ded6684-0edb-44f5-a3b3-d4588e2dbe77-attachment.json' type='application/json' size='59'/>
                    </attachments>
                    <steps/>
                </step>
            </steps>
            <attachments/>
            <failure>
                <message>TypeError: Cannot read properties of undefined (reading 'equal')</message>
                <stack-trace>TypeError: Cannot read properties of undefined (reading 'equal')
                    at World.&lt;anonymous> (C:\Users\Пользователь\lesson22\step-definitions\steps.js:9:31)
                    at World.executeAsync (C:\Users\Пользователь\lesson22\node_modules\@wdio\utils\build\shim.js:333:27)
                    at World.testFrameworkFnWrapper (C:\Users\Пользователь\lesson22\node_modules\@wdio\utils\build\test-framework\testFnWrapper.js:51:32)
                    at processTicksAndRejections (node:internal/process/task_queues:96:5)
                    at async wrapPromiseWithTimeout (C:\Users\Пользователь\lesson22\node_modules\@cucumber\cucumber\lib\time.js:67:12)
                    at async Object.run (C:\Users\Пользователь\lesson22\node_modules\@cucumber\cucumber\lib\user_code_runner.js:64:22)
                    at async Object.run (C:\Users\Пользователь\lesson22\node_modules\@cucumber\cucumber\lib\runtime\step_runner.js:52:26)
                    at async TestCaseRunner.invokeStep (C:\Users\Пользователь\lesson22\node_modules\@cucumber\cucumber\lib\runtime\test_case_runner.js:93:16)
                    at async TestCaseRunner.runStep (C:\Users\Пользователь\lesson22\node_modules\@cucumber\cucumber\lib\runtime\test_case_runner.js:237:26)
                    at async C:\Users\Пользователь\lesson22\node_modules\@cucumber\cucumber\lib\runtime\test_case_runner.js:163:48</stack-trace>
            </failure>
        </test-case>
        <test-case start='1669841876021' status='broken' stop='1669841876022'>
            <name>And I click on Blog button</name>
            <title>And I click on Blog button</title>
            <labels>
                <label name='language' value='javascript'/>
                <label name='framework' value='wdio'/>
                <label name='thread' value='0-0'/>
            </labels>
            <parameters>
                <parameter kind='argument' name='browser' value='chrome-107.0.5304.122'/>
            </parameters>
            <steps/>
            <attachments/>
            <failure>
                <message>Step "I click on Blog button" is not defined. You can ignore this error by setting cucumberOpts.ignoreUndefinedDefinitions as true.</message>
                <stack-trace>Step "I click on Blog button" is not defined. You can ignore this error by setting cucumberOpts.ignoreUndefinedDefinitions as true.
                	at Feature(C:\Users\Пользователь\lesson22\features\login.feature):1:1
                	at Scenario(Check Text "WebdriverIO" in MainTitle):3:3
                	at Step(I click on Blog button):7:5
                </stack-trace>
            </failure>
        </test-case>
        <test-case start='1669841876023' status='broken' stop='1669841876024'>
            <name>And I check "//h2[@class="blogPostTitle_rzP5"]//a[contains(text(), "Keep")]" on Blog page</name>
            <title>And I check "//h2[@class="blogPostTitle_rzP5"]//a[contains(text(), "Keep")]" on Blog page</title>
            <labels>
                <label name='language' value='javascript'/>
                <label name='framework' value='wdio'/>
                <label name='thread' value='0-0'/>
            </labels>
            <parameters>
                <parameter kind='argument' name='browser' value='chrome-107.0.5304.122'/>
            </parameters>
            <steps/>
            <attachments/>
            <failure>
                <message>Step "I check "//h2[@class="blogPostTitle_rzP5"]//a[contains(text(), "Keep")]" on Blog page" is not defined. You can ignore this error by setting cucumberOpts.ignoreUndefinedDefinitions as true.</message>
                <stack-trace>Step "I check "//h2[@class="blogPostTitle_rzP5"]//a[contains(text(), "Keep")]" on Blog page" is not defined. You can ignore this error by setting cucumberOpts.ignoreUndefinedDefinitions as true.
                	at Feature(C:\Users\Пользователь\lesson22\features\login.feature):1:1
                	at Scenario(Check Text "WebdriverIO" in MainTitle):3:3
                	at Step(I check "//h2[@class="blogPostTitle_rzP5"]//a[contains(text(), "Keep")]" on Blog page):8:5
                </stack-trace>
            </failure>
        </test-case>
        <test-case start='1669841876025' status='passed' stop='1669841876029'>
            <name></name>
            <title></title>
            <labels>
                <label name='language' value='javascript'/>
                <label name='framework' value='wdio'/>
                <label name='thread' value='0-0'/>
            </labels>
            <parameters>
                <parameter kind='argument' name='browser' value='chrome-107.0.5304.122'/>
            </parameters>
            <steps/>
            <attachments/>
        </test-case>
    </test-cases>
</ns2:test-suite>