<?xml version='1.0'?>
<ns2:test-suite xmlns:ns2='urn:model.allure.qatools.yandex.ru' start='1669841893926' stop='1669841912899'>
    <name>WebdriverIO web testing: Check Text "WebdriverIO" in MainTitle</name>
    <title>WebdriverIO web testing: Check Text "WebdriverIO" in MainTitle</title>
    <test-cases>
        <test-case start='1669841893927' status='passed' stop='1669841893930'>
            <name></name>
            <title></title>
            <labels>
                <label name='language' value='javascript'/>
                <label name='framework' value='wdio'/>
                <label name='thread' value='0-0'/>
            </labels>
            <parameters>
                <parameter kind='argument' name='browser' value='chrome-107.0.5304.122'/>
            </parameters>
            <steps/>
            <attachments/>
        </test-case>
        <test-case start='1669841893930' status='passed' stop='1669841912840'>
            <name>Given I navigate to "https://webdriver.io/" page</name>
            <title>Given I navigate to "https://webdriver.io/" page</title>
            <labels>
                <label name='language' value='javascript'/>
                <label name='framework' value='wdio'/>
                <label name='thread' value='0-0'/>
            </labels>
            <parameters>
                <parameter kind='argument' name='browser' value='chrome-107.0.5304.122'/>
            </parameters>
            <steps>
                <step start='1669841893934' status='passed' stop='1669841912838'>
                    <name>POST /session/:sessionId/url</name>
                    <title>POST /session/:sessionId/url</title>
                    <attachments>
                        <attachment title='Request' source='e5a8907c-e252-4cbd-b4e2-ebd41984b557-attachment.json' type='application/json' size='36'/>
                    </attachments>
                    <steps/>
                </step>
            </steps>
            <attachments/>
        </test-case>
        <test-case start='1669841912841' status='passed' stop='1669841912891'>
            <name>When I check ".hero__subtitle" on home page</name>
            <title>When I check ".hero__subtitle" on home page</title>
            <labels>
                <label name='language' value='javascript'/>
                <label name='framework' value='wdio'/>
                <label name='thread' value='0-0'/>
            </labels>
            <parameters>
                <parameter kind='argument' name='browser' value='chrome-107.0.5304.122'/>
            </parameters>
            <steps>
                <step start='1669841912844' status='passed' stop='1669841912862'>
                    <name>POST /session/:sessionId/element</name>
                    <title>POST /session/:sessionId/element</title>
                    <attachments>
                        <attachment title='Request' source='c7f8033f-7668-4141-8e81-3cb2b4d602c5-attachment.json' type='application/json' size='59'/>
                        <attachment title='Response' source='386bd7d1-e3ad-4cca-b59d-95c5a34e2418-attachment.json' type='application/json' size='83'/>
                    </attachments>
                    <steps/>
                </step>
                <step start='1669841912869' status='passed' stop='1669841912890'>
                    <name>GET /session/:sessionId/element/2f0c4a75-4838-4988-85f0-22518ff610e6/text</name>
                    <title>GET /session/:sessionId/element/2f0c4a75-4838-4988-85f0-22518ff610e6/text</title>
                    <attachments>
                        <attachment title='Response' source='1e2b49f6-1502-4308-98e7-7dce21d1e02c-attachment.json' type='application/json' size='67'/>
                    </attachments>
                    <steps/>
                </step>
            </steps>
            <attachments/>
        </test-case>
        <test-case start='1669841912891' status='broken' stop='1669841912893'>
            <name>And I click on Blog button</name>
            <title>And I click on Blog button</title>
            <labels>
                <label name='language' value='javascript'/>
                <label name='framework' value='wdio'/>
                <label name='thread' value='0-0'/>
            </labels>
            <parameters>
                <parameter kind='argument' name='browser' value='chrome-107.0.5304.122'/>
            </parameters>
            <steps/>
            <attachments/>
            <failure>
                <message>Step "I click on Blog button" is not defined. You can ignore this error by setting cucumberOpts.ignoreUndefinedDefinitions as true.</message>
                <stack-trace>Step "I click on Blog button" is not defined. You can ignore this error by setting cucumberOpts.ignoreUndefinedDefinitions as true.
                	at Feature(C:\Users\Пользователь\lesson22\features\login.feature):1:1
                	at Scenario(Check Text "WebdriverIO" in MainTitle):3:3
                	at Step(I click on Blog button):7:5
                </stack-trace>
            </failure>
        </test-case>
        <test-case start='1669841912893' status='broken' stop='1669841912895'>
            <name>And I check "//h2[@class="blogPostTitle_rzP5"]//a[contains(text(), "Keep")]" on Blog page</name>
            <title>And I check "//h2[@class="blogPostTitle_rzP5"]//a[contains(text(), "Keep")]" on Blog page</title>
            <labels>
                <label name='language' value='javascript'/>
                <label name='framework' value='wdio'/>
                <label name='thread' value='0-0'/>
            </labels>
            <parameters>
                <parameter kind='argument' name='browser' value='chrome-107.0.5304.122'/>
            </parameters>
            <steps/>
            <attachments/>
            <failure>
                <message>Step "I check "//h2[@class="blogPostTitle_rzP5"]//a[contains(text(), "Keep")]" on Blog page" is not defined. You can ignore this error by setting cucumberOpts.ignoreUndefinedDefinitions as true.</message>
                <stack-trace>Step "I check "//h2[@class="blogPostTitle_rzP5"]//a[contains(text(), "Keep")]" on Blog page" is not defined. You can ignore this error by setting cucumberOpts.ignoreUndefinedDefinitions as true.
                	at Feature(C:\Users\Пользователь\lesson22\features\login.feature):1:1
                	at Scenario(Check Text "WebdriverIO" in MainTitle):3:3
                	at Step(I check "//h2[@class="blogPostTitle_rzP5"]//a[contains(text(), "Keep")]" on Blog page):8:5
                </stack-trace>
            </failure>
        </test-case>
        <test-case start='1669841912895' status='passed' stop='1669841912898'>
            <name></name>
            <title></title>
            <labels>
                <label name='language' value='javascript'/>
                <label name='framework' value='wdio'/>
                <label name='thread' value='0-0'/>
            </labels>
            <parameters>
                <parameter kind='argument' name='browser' value='chrome-107.0.5304.122'/>
            </parameters>
            <steps/>
            <attachments/>
        </test-case>
    </test-cases>
</ns2:test-suite>