<?xml version='1.0'?>
<ns2:test-suite xmlns:ns2='urn:model.allure.qatools.yandex.ru' start='1670015829125' stop='1670015830371'>
    <name>WebdriverIO website testing: Check navigation menu</name>
    <title>WebdriverIO website testing: Check navigation menu</title>
    <test-cases>
        <test-case start='1670015829125' status='passed' stop='1670015829126'>
            <name></name>
            <title></title>
            <labels>
                <label name='language' value='javascript'/>
                <label name='framework' value='wdio'/>
                <label name='thread' value='0-0'/>
            </labels>
            <parameters>
                <parameter kind='argument' name='browser' value='chrome-107.0.5304.123'/>
            </parameters>
            <steps/>
            <attachments/>
        </test-case>
        <test-case start='1670015829126' status='passed' stop='1670015830270'>
            <name>Given I navigate "https://webdriver.io/" home page</name>
            <title>Given I navigate "https://webdriver.io/" home page</title>
            <labels>
                <label name='language' value='javascript'/>
                <label name='framework' value='wdio'/>
                <label name='thread' value='0-0'/>
            </labels>
            <parameters>
                <parameter kind='argument' name='browser' value='chrome-107.0.5304.123'/>
            </parameters>
            <steps>
                <step start='1670015829131' status='passed' stop='1670015830269'>
                    <name>POST /session/:sessionId/url</name>
                    <title>POST /session/:sessionId/url</title>
                    <attachments>
                        <attachment title='Request' source='6de9a041-f721-42af-bef0-bf92265100de-attachment.json' type='application/json' size='36'/>
                    </attachments>
                    <steps/>
                </step>
            </steps>
            <attachments/>
        </test-case>
        <test-case start='1670015830270' status='failed' stop='1670015830371'>
            <name>Then I expect element 3 "//a[@class='navbar__item navbar__link']" should be equal "blog"</name>
            <title>Then I expect element 3 "//a[@class='navbar__item navbar__link']" should be equal "blog"</title>
            <labels>
                <label name='language' value='javascript'/>
                <label name='framework' value='wdio'/>
                <label name='thread' value='0-0'/>
            </labels>
            <parameters>
                <parameter kind='argument' name='browser' value='chrome-107.0.5304.123'/>
            </parameters>
            <steps>
                <step start='1670015830271' status='passed' stop='1670015830300'>
                    <name>POST /session/:sessionId/elements</name>
                    <title>POST /session/:sessionId/elements</title>
                    <attachments>
                        <attachment title='Request' source='cbc1c515-65ec-4057-86e3-e5fbbe04f735-attachment.json' type='application/json' size='76'/>
                        <attachment title='Response' source='65da3c6a-9dbe-47d2-a417-c05d8a47a3a9-attachment.json' type='application/json' size='548'/>
                    </attachments>
                    <steps/>
                </step>
                <step start='1670015830322' status='passed' stop='1670015830367'>
                    <name>GET /session/:sessionId/element/8ba11ede-5f70-41bf-9415-152b2167f3f1/text</name>
                    <title>GET /session/:sessionId/element/8ba11ede-5f70-41bf-9415-152b2167f3f1/text</title>
                    <attachments>
                        <attachment title='Response' source='4dd7d4a4-c092-4e2e-b58a-47904749cbed-attachment.json' type='application/json' size='6'/>
                    </attachments>
                    <steps/>
                </step>
            </steps>
            <attachments/>
            <failure>
                <message>AssertionError</message>
                <stack-trace>AssertionError
                    + expected - actual
                
                    -Blog
                    +blog
                
                    at World.&lt;anonymous> (C:\Users\Пользователь\lesson22\step-definitions\steps.js:22:51)
                    at processTicksAndRejections (node:internal/process/task_queues:96:5)</stack-trace>
            </failure>
        </test-case>
        <test-case start='1670015830371' status='passed' stop='1670015830371'>
            <name></name>
            <title></title>
            <labels>
                <label name='language' value='javascript'/>
                <label name='framework' value='wdio'/>
                <label name='thread' value='0-0'/>
            </labels>
            <parameters>
                <parameter kind='argument' name='browser' value='chrome-107.0.5304.123'/>
            </parameters>
            <steps/>
            <attachments/>
        </test-case>
    </test-cases>
</ns2:test-suite>