<?xml version='1.0'?>
<ns2:test-suite xmlns:ns2='urn:model.allure.qatools.yandex.ru' start='1669932035373' stop='1669932038363'>
    <name>WebdriverIO website testing: Checking the Home page</name>
    <title>WebdriverIO website testing: Checking the Home page</title>
    <test-cases>
        <test-case start='1669932035374' status='passed' stop='1669932035376'>
            <name></name>
            <title></title>
            <labels>
                <label name='language' value='javascript'/>
                <label name='framework' value='wdio'/>
                <label name='thread' value='0-0'/>
            </labels>
            <parameters>
                <parameter kind='argument' name='browser' value='chrome-107.0.5304.122'/>
            </parameters>
            <steps/>
            <attachments/>
        </test-case>
        <test-case start='1669932035376' status='passed' stop='1669932038354'>
            <name>Given I navigate to the home page</name>
            <title>Given I navigate to the home page</title>
            <labels>
                <label name='language' value='javascript'/>
                <label name='framework' value='wdio'/>
                <label name='thread' value='0-0'/>
            </labels>
            <parameters>
                <parameter kind='argument' name='browser' value='chrome-107.0.5304.122'/>
            </parameters>
            <steps>
                <step start='1669932035379' status='passed' stop='1669932038351'>
                    <name>POST /session/:sessionId/url</name>
                    <title>POST /session/:sessionId/url</title>
                    <attachments>
                        <attachment title='Request' source='099aa97f-dd60-49f2-aef8-4a72a4c2188b-attachment.json' type='application/json' size='36'/>
                    </attachments>
                    <steps/>
                </step>
            </steps>
            <attachments/>
        </test-case>
        <test-case start='1669932038354' status='broken' stop='1669932038356'>
            <name>When I should '//div[@class="navbar__items"]' navbar</name>
            <title>When I should '//div[@class="navbar__items"]' navbar</title>
            <labels>
                <label name='language' value='javascript'/>
                <label name='framework' value='wdio'/>
                <label name='thread' value='0-0'/>
            </labels>
            <parameters>
                <parameter kind='argument' name='browser' value='chrome-107.0.5304.122'/>
            </parameters>
            <steps/>
            <attachments/>
            <failure>
                <message>Step "I should '//div[@class="navbar__items"]' navbar" is not defined. You can ignore this error by setting cucumberOpts.ignoreUndefinedDefinitions as true.</message>
                <stack-trace>Step "I should '//div[@class="navbar__items"]' navbar" is not defined. You can ignore this error by setting cucumberOpts.ignoreUndefinedDefinitions as true.
                	at Feature(C:\Users\Пользователь\lesson22\features\login.feature):1:1
                	at Scenario(Checking the Home page):3:3
                	at Step(I should '//div[@class="navbar__items"]' navbar):6:5
                </stack-trace>
            </failure>
        </test-case>
        <test-case start='1669932038357' status='broken' stop='1669932038358'>
            <name>And I should '.svg_Eu_K' the main image</name>
            <title>And I should '.svg_Eu_K' the main image</title>
            <labels>
                <label name='language' value='javascript'/>
                <label name='framework' value='wdio'/>
                <label name='thread' value='0-0'/>
            </labels>
            <parameters>
                <parameter kind='argument' name='browser' value='chrome-107.0.5304.122'/>
            </parameters>
            <steps/>
            <attachments/>
            <failure>
                <message>Step "I should '.svg_Eu_K' the main image" is not defined. You can ignore this error by setting cucumberOpts.ignoreUndefinedDefinitions as true.</message>
                <stack-trace>Step "I should '.svg_Eu_K' the main image" is not defined. You can ignore this error by setting cucumberOpts.ignoreUndefinedDefinitions as true.
                	at Feature(C:\Users\Пользователь\lesson22\features\login.feature):1:1
                	at Scenario(Checking the Home page):3:3
                	at Step(I should '.svg_Eu_K' the main image):7:5
                </stack-trace>
            </failure>
        </test-case>
        <test-case start='1669932038358' status='broken' stop='1669932038359'>
            <name>Then I should '.hero__subtitle' a page title 'Next-gen browser and mobile automation test framework for Node.js'</name>
            <title>Then I should '.hero__subtitle' a page title 'Next-gen browser and mobile automation test framework for Node.js'</title>
            <labels>
                <label name='language' value='javascript'/>
                <label name='framework' value='wdio'/>
                <label name='thread' value='0-0'/>
            </labels>
            <parameters>
                <parameter kind='argument' name='browser' value='chrome-107.0.5304.122'/>
            </parameters>
            <steps/>
            <attachments/>
            <failure>
                <message>Step "I should '.hero__subtitle' a page title 'Next-gen browser and mobile automation test framework for Node.js'" is not defined. You can ignore this error by setting cucumberOpts.ignoreUndefinedDefinitions as true.</message>
                <stack-trace>Step "I should '.hero__subtitle' a page title 'Next-gen browser and mobile automation test framework for Node.js'" is not defined. You can ignore this error by setting cucumberOpts.ignoreUndefinedDefinitions as true.
                	at Feature(C:\Users\Пользователь\lesson22\features\login.feature):1:1
                	at Scenario(Checking the Home page):3:3
                	at Step(I should '.hero__subtitle' a page title 'Next-gen browser and mobile automation test framework for Node.js'):8:5
                </stack-trace>
            </failure>
        </test-case>
        <test-case start='1669932038359' status='passed' stop='1669932038361'>
            <name></name>
            <title></title>
            <labels>
                <label name='language' value='javascript'/>
                <label name='framework' value='wdio'/>
                <label name='thread' value='0-0'/>
            </labels>
            <parameters>
                <parameter kind='argument' name='browser' value='chrome-107.0.5304.122'/>
            </parameters>
            <steps/>
            <attachments/>
        </test-case>
    </test-cases>
</ns2:test-suite>