<?xml version='1.0'?>
<ns2:test-suite xmlns:ns2='urn:model.allure.qatools.yandex.ru' start='1670015652469' stop='1670015653711'>
    <name>WebdriverIO website testing: Check navigation menu</name>
    <title>WebdriverIO website testing: Check navigation menu</title>
    <test-cases>
        <test-case start='1670015652471' status='passed' stop='1670015652472'>
            <name></name>
            <title></title>
            <labels>
                <label name='language' value='javascript'/>
                <label name='framework' value='wdio'/>
                <label name='thread' value='0-0'/>
            </labels>
            <parameters>
                <parameter kind='argument' name='browser' value='chrome-107.0.5304.123'/>
            </parameters>
            <steps/>
            <attachments/>
        </test-case>
        <test-case start='1670015652472' status='passed' stop='1670015653578'>
            <name>Given I navigate "https://webdriver.io/" home page</name>
            <title>Given I navigate "https://webdriver.io/" home page</title>
            <labels>
                <label name='language' value='javascript'/>
                <label name='framework' value='wdio'/>
                <label name='thread' value='0-0'/>
            </labels>
            <parameters>
                <parameter kind='argument' name='browser' value='chrome-107.0.5304.123'/>
            </parameters>
            <steps>
                <step start='1670015652473' status='passed' stop='1670015653578'>
                    <name>POST /session/:sessionId/url</name>
                    <title>POST /session/:sessionId/url</title>
                    <attachments>
                        <attachment title='Request' source='d76d850d-e468-4383-a8b1-491f53830bde-attachment.json' type='application/json' size='36'/>
                    </attachments>
                    <steps/>
                </step>
            </steps>
            <attachments/>
        </test-case>
        <test-case start='1670015653578' status='failed' stop='1670015653708'>
            <name>Then I expect element 2 "//a[@class='navbar__item navbar__link']" should be equal "api"</name>
            <title>Then I expect element 2 "//a[@class='navbar__item navbar__link']" should be equal "api"</title>
            <labels>
                <label name='language' value='javascript'/>
                <label name='framework' value='wdio'/>
                <label name='thread' value='0-0'/>
            </labels>
            <parameters>
                <parameter kind='argument' name='browser' value='chrome-107.0.5304.123'/>
            </parameters>
            <steps>
                <step start='1670015653579' status='passed' stop='1670015653610'>
                    <name>POST /session/:sessionId/elements</name>
                    <title>POST /session/:sessionId/elements</title>
                    <attachments>
                        <attachment title='Request' source='53c385b3-962f-4ba5-b9ed-718038cd7d00-attachment.json' type='application/json' size='76'/>
                        <attachment title='Response' source='776b24cf-4a43-4957-aad4-a047960cd0f2-attachment.json' type='application/json' size='548'/>
                    </attachments>
                    <steps/>
                </step>
                <step start='1670015653632' status='passed' stop='1670015653702'>
                    <name>GET /session/:sessionId/element/0446ca80-f334-4882-9c49-39c23225c359/text</name>
                    <title>GET /session/:sessionId/element/0446ca80-f334-4882-9c49-39c23225c359/text</title>
                    <attachments>
                        <attachment title='Response' source='50d42346-1cfb-4164-be57-749c5b8bb335-attachment.json' type='application/json' size='5'/>
                    </attachments>
                    <steps/>
                </step>
            </steps>
            <attachments/>
            <failure>
                <message>AssertionError</message>
                <stack-trace>AssertionError
                    + expected - actual
                
                    -API
                    +api
                
                    at World.&lt;anonymous> (C:\Users\Пользователь\lesson22\step-definitions\steps.js:22:51)
                    at processTicksAndRejections (node:internal/process/task_queues:96:5)</stack-trace>
            </failure>
        </test-case>
        <test-case start='1670015653709' status='passed' stop='1670015653711'>
            <name></name>
            <title></title>
            <labels>
                <label name='language' value='javascript'/>
                <label name='framework' value='wdio'/>
                <label name='thread' value='0-0'/>
            </labels>
            <parameters>
                <parameter kind='argument' name='browser' value='chrome-107.0.5304.123'/>
            </parameters>
            <steps/>
            <attachments/>
        </test-case>
    </test-cases>
</ns2:test-suite>