<?xml version='1.0'?>
<ns2:test-suite xmlns:ns2='urn:model.allure.qatools.yandex.ru' start='1670015916487' stop='1670015917767'>
    <name>WebdriverIO website testing: Check navigation menu</name>
    <title>WebdriverIO website testing: Check navigation menu</title>
    <test-cases>
        <test-case start='1670015916487' status='passed' stop='1670015916488'>
            <name></name>
            <title></title>
            <labels>
                <label name='language' value='javascript'/>
                <label name='framework' value='wdio'/>
                <label name='thread' value='0-0'/>
            </labels>
            <parameters>
                <parameter kind='argument' name='browser' value='chrome-107.0.5304.123'/>
            </parameters>
            <steps/>
            <attachments/>
        </test-case>
        <test-case start='1670015916488' status='passed' stop='1670015917651'>
            <name>Given I navigate "https://webdriver.io/" home page</name>
            <title>Given I navigate "https://webdriver.io/" home page</title>
            <labels>
                <label name='language' value='javascript'/>
                <label name='framework' value='wdio'/>
                <label name='thread' value='0-0'/>
            </labels>
            <parameters>
                <parameter kind='argument' name='browser' value='chrome-107.0.5304.123'/>
            </parameters>
            <steps>
                <step start='1670015916489' status='passed' stop='1670015917649'>
                    <name>POST /session/:sessionId/url</name>
                    <title>POST /session/:sessionId/url</title>
                    <attachments>
                        <attachment title='Request' source='ddc46331-8d61-46d6-b02e-2ab7457922ca-attachment.json' type='application/json' size='36'/>
                    </attachments>
                    <steps/>
                </step>
            </steps>
            <attachments/>
        </test-case>
        <test-case start='1670015917651' status='failed' stop='1670015917764'>
            <name>Then I expect element 3 "//a[@class='navbar__item navbar__link']" should be equal "blog"</name>
            <title>Then I expect element 3 "//a[@class='navbar__item navbar__link']" should be equal "blog"</title>
            <labels>
                <label name='language' value='javascript'/>
                <label name='framework' value='wdio'/>
                <label name='thread' value='0-0'/>
            </labels>
            <parameters>
                <parameter kind='argument' name='browser' value='chrome-107.0.5304.123'/>
            </parameters>
            <steps>
                <step start='1670015917653' status='passed' stop='1670015917687'>
                    <name>POST /session/:sessionId/elements</name>
                    <title>POST /session/:sessionId/elements</title>
                    <attachments>
                        <attachment title='Request' source='6994966b-3850-4ac0-897c-e8728c3c942a-attachment.json' type='application/json' size='76'/>
                        <attachment title='Response' source='da00517c-26e7-4c69-a5d7-91793a337df5-attachment.json' type='application/json' size='548'/>
                    </attachments>
                    <steps/>
                </step>
                <step start='1670015917711' status='passed' stop='1670015917760'>
                    <name>GET /session/:sessionId/element/bfce96bb-e11a-4f99-894b-0e15fe92e0c2/text</name>
                    <title>GET /session/:sessionId/element/bfce96bb-e11a-4f99-894b-0e15fe92e0c2/text</title>
                    <attachments>
                        <attachment title='Response' source='da6d5c54-f719-4a1d-994d-ae679f86cfcc-attachment.json' type='application/json' size='6'/>
                    </attachments>
                    <steps/>
                </step>
            </steps>
            <attachments/>
            <failure>
                <message>AssertionError</message>
                <stack-trace>AssertionError
                    + expected - actual
                
                    -Blog
                    +blog
                
                    at World.&lt;anonymous> (C:\Users\Пользователь\lesson22\step-definitions\steps.js:22:51)
                    at processTicksAndRejections (node:internal/process/task_queues:96:5)</stack-trace>
            </failure>
        </test-case>
        <test-case start='1670015917765' status='passed' stop='1670015917767'>
            <name></name>
            <title></title>
            <labels>
                <label name='language' value='javascript'/>
                <label name='framework' value='wdio'/>
                <label name='thread' value='0-0'/>
            </labels>
            <parameters>
                <parameter kind='argument' name='browser' value='chrome-107.0.5304.123'/>
            </parameters>
            <steps/>
            <attachments/>
        </test-case>
    </test-cases>
</ns2:test-suite>