<?xml version='1.0'?>
<ns2:test-suite xmlns:ns2='urn:model.allure.qatools.yandex.ru' start='1669844840688' stop='1669844840701'>
    <name>WebdriverIO web testing: Checking the text on the Main page | WebdriverIO"</name>
    <title>WebdriverIO web testing: Checking the text on the Main page | WebdriverIO"</title>
    <test-cases>
        <test-case start='1669844840689' status='passed' stop='1669844840691'>
            <name></name>
            <title></title>
            <labels>
                <label name='language' value='javascript'/>
                <label name='framework' value='wdio'/>
                <label name='thread' value='0-0'/>
            </labels>
            <parameters>
                <parameter kind='argument' name='browser' value='chrome-107.0.5304.122'/>
            </parameters>
            <steps/>
            <attachments/>
        </test-case>
        <test-case start='1669844840692' status='broken' stop='1669844840694'>
            <name>Given I am on the home page</name>
            <title>Given I am on the home page</title>
            <labels>
                <label name='language' value='javascript'/>
                <label name='framework' value='wdio'/>
                <label name='thread' value='0-0'/>
            </labels>
            <parameters>
                <parameter kind='argument' name='browser' value='chrome-107.0.5304.122'/>
            </parameters>
            <steps/>
            <attachments/>
            <failure>
                <message>Step "I am on the home page" is not defined. You can ignore this error by setting cucumberOpts.ignoreUndefinedDefinitions as true.</message>
                <stack-trace>Step "I am on the home page" is not defined. You can ignore this error by setting cucumberOpts.ignoreUndefinedDefinitions as true.
                	at Feature(C:\Users\Пользователь\lesson22\features\login.feature):1:1
                	at Scenario(Checking the text on the Main page | WebdriverIO"):3:3
                	at Step(I am on the home page):5:5
                </stack-trace>
            </failure>
        </test-case>
        <test-case start='1669844840695' status='pending' stop='1669844840697'>
            <name>When I should check url site</name>
            <title>When I should check url site</title>
            <labels>
                <label name='language' value='javascript'/>
                <label name='framework' value='wdio'/>
                <label name='thread' value='0-0'/>
            </labels>
            <parameters>
                <parameter kind='argument' name='browser' value='chrome-107.0.5304.122'/>
            </parameters>
            <steps/>
            <attachments/>
        </test-case>
        <test-case start='1669844840697' status='broken' stop='1669844840698'>
            <name>Then I should see a page title</name>
            <title>Then I should see a page title</title>
            <labels>
                <label name='language' value='javascript'/>
                <label name='framework' value='wdio'/>
                <label name='thread' value='0-0'/>
            </labels>
            <parameters>
                <parameter kind='argument' name='browser' value='chrome-107.0.5304.122'/>
            </parameters>
            <steps/>
            <attachments/>
            <failure>
                <message>Step "I should see a page title" is not defined. You can ignore this error by setting cucumberOpts.ignoreUndefinedDefinitions as true.</message>
                <stack-trace>Step "I should see a page title" is not defined. You can ignore this error by setting cucumberOpts.ignoreUndefinedDefinitions as true.
                	at Feature(C:\Users\Пользователь\lesson22\features\login.feature):1:1
                	at Scenario(Checking the text on the Main page | WebdriverIO"):3:3
                	at Step(I should see a page title):7:5
                </stack-trace>
            </failure>
        </test-case>
        <test-case start='1669844840698' status='passed' stop='1669844840700'>
            <name></name>
            <title></title>
            <labels>
                <label name='language' value='javascript'/>
                <label name='framework' value='wdio'/>
                <label name='thread' value='0-0'/>
            </labels>
            <parameters>
                <parameter kind='argument' name='browser' value='chrome-107.0.5304.122'/>
            </parameters>
            <steps/>
            <attachments/>
        </test-case>
    </test-cases>
</ns2:test-suite>