<?xml version='1.0'?>
<ns2:test-suite xmlns:ns2='urn:model.allure.qatools.yandex.ru' start='1669843702324' stop='1669843702335'>
    <name>WebdriverIO web testing: Check Text "WebdriverIO" in MainTitle</name>
    <title>WebdriverIO web testing: Check Text "WebdriverIO" in MainTitle</title>
    <test-cases>
        <test-case start='1669843702325' status='passed' stop='1669843702327'>
            <name></name>
            <title></title>
            <labels>
                <label name='language' value='javascript'/>
                <label name='framework' value='wdio'/>
                <label name='thread' value='0-0'/>
            </labels>
            <parameters>
                <parameter kind='argument' name='browser' value='chrome-107.0.5304.122'/>
            </parameters>
            <steps/>
            <attachments/>
        </test-case>
        <test-case start='1669843702328' status='broken' stop='1669843702330'>
            <name>Given I navigate to home page</name>
            <title>Given I navigate to home page</title>
            <labels>
                <label name='language' value='javascript'/>
                <label name='framework' value='wdio'/>
                <label name='thread' value='0-0'/>
            </labels>
            <parameters>
                <parameter kind='argument' name='browser' value='chrome-107.0.5304.122'/>
            </parameters>
            <steps/>
            <attachments/>
            <failure>
                <message>Step "I navigate to home page" is not defined. You can ignore this error by setting cucumberOpts.ignoreUndefinedDefinitions as true.</message>
                <stack-trace>Step "I navigate to home page" is not defined. You can ignore this error by setting cucumberOpts.ignoreUndefinedDefinitions as true.
                	at Feature(C:\Users\Пользователь\lesson22\features\login.feature):1:1
                	at Scenario(Check Text "WebdriverIO" in MainTitle):3:3
                	at Step(I navigate to home page):5:5
                </stack-trace>
            </failure>
        </test-case>
        <test-case start='1669843702330' status='broken' stop='1669843702331'>
            <name>When I check URL text</name>
            <title>When I check URL text</title>
            <labels>
                <label name='language' value='javascript'/>
                <label name='framework' value='wdio'/>
                <label name='thread' value='0-0'/>
            </labels>
            <parameters>
                <parameter kind='argument' name='browser' value='chrome-107.0.5304.122'/>
            </parameters>
            <steps/>
            <attachments/>
            <failure>
                <message>Step "I check URL text" is not defined. You can ignore this error by setting cucumberOpts.ignoreUndefinedDefinitions as true.</message>
                <stack-trace>Step "I check URL text" is not defined. You can ignore this error by setting cucumberOpts.ignoreUndefinedDefinitions as true.
                	at Feature(C:\Users\Пользователь\lesson22\features\login.feature):1:1
                	at Scenario(Check Text "WebdriverIO" in MainTitle):3:3
                	at Step(I check URL text):6:5
                </stack-trace>
            </failure>
        </test-case>
        <test-case start='1669843702331' status='passed' stop='1669843702333'>
            <name></name>
            <title></title>
            <labels>
                <label name='language' value='javascript'/>
                <label name='framework' value='wdio'/>
                <label name='thread' value='0-0'/>
            </labels>
            <parameters>
                <parameter kind='argument' name='browser' value='chrome-107.0.5304.122'/>
            </parameters>
            <steps/>
            <attachments/>
        </test-case>
    </test-cases>
</ns2:test-suite>