<?xml version='1.0'?>
<ns2:test-suite xmlns:ns2='urn:model.allure.qatools.yandex.ru' start='1669580980417' stop='1669580980420'>
    <name>WebdriverIO  tests</name>
    <title>WebdriverIO  tests</title>
    <test-cases>
        <test-case start='1669580980418' status='pending' stop='1669580980418'>
            <name>Check Text 'WebdriverIO ' in MainTitle</name>
            <title>Check Text 'WebdriverIO ' in MainTitle</title>
            <labels/>
            <parameters/>
            <steps/>
            <attachments/>
            <failure>
                <message>Test ignored</message>
                <stack-trace>undefined</stack-trace>
            </failure>
        </test-case>
        <test-case start='1669580980418' status='pending' stop='1669580980418'>
            <name>Check subTitle on HomePage</name>
            <title>Check subTitle on HomePage</title>
            <labels/>
            <parameters/>
            <steps/>
            <attachments/>
            <failure>
                <message>Test ignored</message>
                <stack-trace>undefined</stack-trace>
            </failure>
        </test-case>
        <test-case start='1669580980418' status='pending' stop='1669580980418'>
            <name>Check Text 'Blog ' in MainTitle</name>
            <title>Check Text 'Blog ' in MainTitle</title>
            <labels/>
            <parameters/>
            <steps/>
            <attachments/>
            <failure>
                <message>Test ignored</message>
                <stack-trace>undefined</stack-trace>
            </failure>
        </test-case>
        <test-case start='1669580980418' status='pending' stop='1669580980418'>
            <name>Check searching functionality</name>
            <title>Check searching functionality</title>
            <labels/>
            <parameters/>
            <steps/>
            <attachments/>
            <failure>
                <message>Test ignored</message>
                <stack-trace>undefined</stack-trace>
            </failure>
        </test-case>
        <test-case start='1669580980419' status='pending' stop='1669580980419'>
            <name>Check api-element "click" in API tab</name>
            <title>Check api-element "click" in API tab</title>
            <labels/>
            <parameters/>
            <steps/>
            <attachments/>
            <failure>
                <message>Test ignored</message>
                <stack-trace>undefined</stack-trace>
            </failure>
        </test-case>
        <test-case start='1669580980419' status='pending' stop='1669580980419'>
            <name>Check switch lighting mode (Light or Dark)</name>
            <title>Check switch lighting mode (Light or Dark)</title>
            <labels/>
            <parameters/>
            <steps/>
            <attachments/>
            <failure>
                <message>Test ignored</message>
                <stack-trace>undefined</stack-trace>
            </failure>
        </test-case>
    </test-cases>
</ns2:test-suite>